<?xml version="1.0" encoding="UTF-8" ?>
<testsuite tests="8" failures="2" name="com.NiraliTestingProject.TestRunner" time="0.051" errors="0" skipped="3">
  <properties>
[...]
</properties>
  <testcase classname="| npjadav@hotmail.com |" name="Given User is on homePage" time="0.014"/>
  <testcase classname="| npjadav@hotmail.com |" name="When User clicks on menu Button" time="0"/>
  <testcase classname="| npjadav@hotmail.com |" name="And User selects sign in from dropdown menu" time="0"/>
  <testcase classname="| npjadav@hotmail.com |" name="And user is on login page" time="0.007">
    <failure message="
Expected: is a string ending with &quot;https://www.amazon.co.uk/ap/signin?openid.pape.max_auth_age=0&amp;openid.return_to=https%3A%2F%2Fwww.amazon.co.uk%2F%3F_encoding%3DUTF8%26ref_%3Dnav_em_hd_re_signin&amp;openid.identity=http%3A%2F%2Fspecs.openid.net%2Fauth%2F2.0%2Fidentifier_select&amp;openid.assoc_handle=gbflex&amp;openid.mode=checkid_setup&amp;openid.claimed_id=http%3A%2F%2Fspecs.openid.net%2Fauth%2F2.0%2Fidentifier_select&amp;openid.ns=http%3A%2F%2Fspecs.openid.net%2Fauth%2F2.0&amp;&amp;ref_%3Dnav_em_hd_clc_signin_0_1_1_37&quot;
     but: was &quot;https://www.amazon.co.uk/ap/signin?openid.pape.max_auth_age=0&amp;openid.return_to=https%3A%2F%2Fwww.amazon.co.uk%2F%3F_encoding%3DUTF8%26ref_%3Dnav_em_hd_re_signin&amp;openid.identity=http%3A%2F%2Fspecs.openid.net%2Fauth%2F2.0%2Fidentifier_select&amp;openid.assoc_handle=gbflex&amp;openid.mode=checkid_setup&amp;openid.claimed_id=http%3A%2F%2Fspecs.openid.net%2Fauth%2F2.0%2Fidentifier_select&amp;openid.ns=http%3A%2F%2Fspecs.openid.net%2Fauth%2F2.0&amp;&amp;ref_%3Dnav_em_hd_clc_signin_0_1_1_41&quot;" type="java.lang.AssertionError">java.lang.AssertionError: 
Expected: is a string ending with &quot;https://www.amazon.co.uk/ap/signin?openid.pape.max_auth_age=0&amp;openid.return_to=https%3A%2F%2Fwww.amazon.co.uk%2F%3F_encoding%3DUTF8%26ref_%3Dnav_em_hd_re_signin&amp;openid.identity=http%3A%2F%2Fspecs.openid.net%2Fauth%2F2.0%2Fidentifier_select&amp;openid.assoc_handle=gbflex&amp;openid.mode=checkid_setup&amp;openid.claimed_id=http%3A%2F%2Fspecs.openid.net%2Fauth%2F2.0%2Fidentifier_select&amp;openid.ns=http%3A%2F%2Fspecs.openid.net%2Fauth%2F2.0&amp;&amp;ref_%3Dnav_em_hd_clc_signin_0_1_1_37&quot;
     but: was &quot;https://www.amazon.co.uk/ap/signin?openid.pape.max_auth_age=0&amp;openid.return_to=https%3A%2F%2Fwww.amazon.co.uk%2F%3F_encoding%3DUTF8%26ref_%3Dnav_em_hd_re_signin&amp;openid.identity=http%3A%2F%2Fspecs.openid.net%2Fauth%2F2.0%2Fidentifier_select&amp;openid.assoc_handle=gbflex&amp;openid.mode=checkid_setup&amp;openid.claimed_id=http%3A%2F%2Fspecs.openid.net%2Fauth%2F2.0%2Fidentifier_select&amp;openid.ns=http%3A%2F%2Fspecs.openid.net%2Fauth%2F2.0&amp;&amp;ref_%3Dnav_em_hd_clc_signin_0_1_1_41&quot;
	at org.hamcrest.MatcherAssert.assertThat(MatcherAssert.java:20)
	at org.hamcrest.MatcherAssert.assertThat(MatcherAssert.java:8)
	at com.NiraliTestingProject.StepDefinition.LoginSteps.user_is_on_login_page(LoginSteps.java:36)
	at ✽.And user is on login page(Login.feature:6)
</failure>
  </testcase>
  <testcase classname="| npjadav@hotmail.com |" name="| npjadav@hotmail.com |" time="0.007">
    <failure message="
Expected: is a string ending with &quot;https://www.amazon.co.uk/ap/signin?openid.pape.max_auth_age=0&amp;openid.return_to=https%3A%2F%2Fwww.amazon.co.uk%2F%3F_encoding%3DUTF8%26ref_%3Dnav_em_hd_re_signin&amp;openid.identity=http%3A%2F%2Fspecs.openid.net%2Fauth%2F2.0%2Fidentifier_select&amp;openid.assoc_handle=gbflex&amp;openid.mode=checkid_setup&amp;openid.claimed_id=http%3A%2F%2Fspecs.openid.net%2Fauth%2F2.0%2Fidentifier_select&amp;openid.ns=http%3A%2F%2Fspecs.openid.net%2Fauth%2F2.0&amp;&amp;ref_%3Dnav_em_hd_clc_signin_0_1_1_37&quot;
     but: was &quot;https://www.amazon.co.uk/ap/signin?openid.pape.max_auth_age=0&amp;openid.return_to=https%3A%2F%2Fwww.amazon.co.uk%2F%3F_encoding%3DUTF8%26ref_%3Dnav_em_hd_re_signin&amp;openid.identity=http%3A%2F%2Fspecs.openid.net%2Fauth%2F2.0%2Fidentifier_select&amp;openid.assoc_handle=gbflex&amp;openid.mode=checkid_setup&amp;openid.claimed_id=http%3A%2F%2Fspecs.openid.net%2Fauth%2F2.0%2Fidentifier_select&amp;openid.ns=http%3A%2F%2Fspecs.openid.net%2Fauth%2F2.0&amp;&amp;ref_%3Dnav_em_hd_clc_signin_0_1_1_41&quot;" type="java.lang.AssertionError">java.lang.AssertionError: 
Expected: is a string ending with &quot;https://www.amazon.co.uk/ap/signin?openid.pape.max_auth_age=0&amp;openid.return_to=https%3A%2F%2Fwww.amazon.co.uk%2F%3F_encoding%3DUTF8%26ref_%3Dnav_em_hd_re_signin&amp;openid.identity=http%3A%2F%2Fspecs.openid.net%2Fauth%2F2.0%2Fidentifier_select&amp;openid.assoc_handle=gbflex&amp;openid.mode=checkid_setup&amp;openid.claimed_id=http%3A%2F%2Fspecs.openid.net%2Fauth%2F2.0%2Fidentifier_select&amp;openid.ns=http%3A%2F%2Fspecs.openid.net%2Fauth%2F2.0&amp;&amp;ref_%3Dnav_em_hd_clc_signin_0_1_1_37&quot;
     but: was &quot;https://www.amazon.co.uk/ap/signin?openid.pape.max_auth_age=0&amp;openid.return_to=https%3A%2F%2Fwww.amazon.co.uk%2F%3F_encoding%3DUTF8%26ref_%3Dnav_em_hd_re_signin&amp;openid.identity=http%3A%2F%2Fspecs.openid.net%2Fauth%2F2.0%2Fidentifier_select&amp;openid.assoc_handle=gbflex&amp;openid.mode=checkid_setup&amp;openid.claimed_id=http%3A%2F%2Fspecs.openid.net%2Fauth%2F2.0%2Fidentifier_select&amp;openid.ns=http%3A%2F%2Fspecs.openid.net%2Fauth%2F2.0&amp;&amp;ref_%3Dnav_em_hd_clc_signin_0_1_1_41&quot;
	at org.hamcrest.MatcherAssert.assertThat(MatcherAssert.java:20)
	at org.hamcrest.MatcherAssert.assertThat(MatcherAssert.java:8)
	at com.NiraliTestingProject.StepDefinition.LoginSteps.user_is_on_login_page(LoginSteps.java:36)
	at ✽.And user is on login page(Login.feature:6)
</failure>
  </testcase>
  <testcase classname="| npjadav@hotmail.com |" name="Then user enters valid &quot;npjadav@hotmail.com&quot;" time="0.007">
    <skipped/>
  </testcase>
  <testcase classname="| npjadav@hotmail.com |" name="Then user clicks on continue button" time="0.008">
    <skipped/>
  </testcase>
  <testcase classname="| npjadav@hotmail.com |" name="And User has logged in successfully" time="0.008">
    <skipped/>
  </testcase>
</testsuite>